Arguments: 
  E:\install\nodejs\node.exe C:\Users\yicj\AppData\Roaming\npm\node_modules\yarn\bin\yarn.js add webpack@2.1.0-beta.25

PATH: 
  E:\资料\zip\小工具\cmder\cmder_mini\bin;E:\资料\zip\小工具\cmder\cmder_mini\vendor\msysgit\bin;E:\资料\zip\小工具\cmder\cmder_mini\vendor\msysgit\mingw\bin;E:\资料\zip\小工具\cmder\cmder_mini\vendor\msysgit\cmd;E:\资料\zip\小工具\cmder\cmder_mini\vendor\msysgit\share\vim\vim74;E:\资料\zip\小工具\cmder\cmder_mini;E:\资料\zip\小工具\cmder\cmder_mini\vendor\conemu-maximus5\ConEmu;E:\资料\zip\小工具\cmder\cmder_mini\vendor\conemu-maximus5;C:\Windows\system32;C:\Windows;C:\Windows\System32\Wbem;C:\Windows\System32\WindowsPowerShell\v1.0\;D:\Program Files\TortoiseGit\bin;E:\install\Java\jdk1.7.0_79\bin;E:\install\Java\jdk1.7.0_79\jre\bin;E:\install\Python33;E:\install\apache-maven-3.3.9\bin;E:\install\MySQL\MySQL Server 5.1\bin;E:\install\MongoDB\Server\3.0\bin;E:\install\Git\cmd;E:\install\nvm;E:\install\nodejs;E:\install\nodejs\;E:\install\Ruby21\bin;C:\Users\yicj\AppData\Local\atom\bin;E:\install\Microsoft VS Code\bin;E:\install\nvm;E:\install\nodejs;C:\Users\yicj\AppData\Roaming\npm

Yarn version: 
  0.16.1

Node version: 
  5.9.1

Platform: 
  win32 x64

npm manifest: 
  {
    "name": "vue2_stu",
    "version": "1.0.0",
    "description": "",
    "main": "index.js",
    "scripts": {
      "test": "echo \"Error: no test specified\" && exit 1"
    },
    "repository": {
      "type": "git",
      "url": "git+https://github.com/yichengjie/vue2_stu.git"
    },
    "author": "",
    "license": "ISC",
    "bugs": {
      "url": "https://github.com/yichengjie/vue2_stu/issues"
    },
    "homepage": "https://github.com/yichengjie/vue2_stu#readme",
    "dependencies": {
      "element-ui": "^1.0.0",
      "lodash": "^4.16.6",
      "moment": "^2.15.2",
      "vue": "^2.0.1",
      "vuex": "^2.0.0"
    },
    "devDependencies": {
      "autoprefixer": "^6.4.0",
      "babel-core": "^6.0.0",
      "babel-eslint": "^7.0.0",
      "babel-loader": "^6.0.0",
      "babel-plugin-component": "^0.5.1",
      "babel-plugin-transform-runtime": "^6.0.0",
      "babel-preset-es2015": "^6.0.0",
      "babel-preset-stage-2": "^6.0.0",
      "babel-register": "^6.0.0",
      "chai": "^3.5.0",
      "chalk": "^1.1.3",
      "chromedriver": "^2.21.2",
      "connect-history-api-fallback": "^1.1.0",
      "cross-spawn": "^4.0.2",
      "css-loader": "^0.25.0",
      "eslint": "^3.7.1",
      "eslint-config-standard": "^6.1.0",
      "eslint-friendly-formatter": "^2.0.5",
      "eslint-loader": "^1.5.0",
      "eslint-plugin-html": "^1.3.0",
      "eslint-plugin-promise": "^2.0.1",
      "eslint-plugin-standard": "^2.0.1",
      "eventsource-polyfill": "^0.9.6",
      "express": "^4.13.3",
      "extract-text-webpack-plugin": "^1.0.1",
      "file-loader": "^0.9.0",
      "function-bind": "^1.0.2",
      "html-webpack-plugin": "^2.8.1",
      "http-proxy-middleware": "^0.17.2",
      "inject-loader": "^2.0.1",
      "isparta-loader": "^2.0.0",
      "json-loader": "^0.5.4",
      "karma": "^1.3.0",
      "karma-coverage": "^1.1.1",
      "karma-mocha": "^1.2.0",
      "karma-phantomjs-launcher": "^1.0.0",
      "karma-sinon-chai": "^1.2.0",
      "karma-sourcemap-loader": "^0.3.7",
      "karma-spec-reporter": "0.0.26",
      "karma-webpack": "^1.7.0",
      "lolex": "^1.4.0",
      "mocha": "^3.1.0",
      "nightwatch": "^0.9.8",
      "opn": "^4.0.2",
      "ora": "^0.3.0",
      "phantomjs-prebuilt": "^2.1.3",
      "selenium-server": "2.53.1",
      "semver": "^5.3.0",
      "shelljs": "^0.7.4",
      "sinon": "^1.17.3",
      "sinon-chai": "^2.8.0",
      "style-loader": "^0.13.1",
      "url-loader": "^0.5.7",
      "vue-loader": "^9.4.0",
      "vue-style-loader": "^1.0.0",
      "webpack-dev-middleware": "^1.8.3",
      "webpack-hot-middleware": "^2.12.2",
      "webpack-merge": "^0.14.1"
    }
  }

yarn manifest: 
  No manifest

bower manifest: 
  {
    "name": "vue2_stu",
    "description": "",
    "main": "index.js",
    "authors": [
      "yichengjie <626659321@qq.com>"
    ],
    "license": "ISC",
    "homepage": "https://github.com/yichengjie/vue2_stu",
    "ignore": [
      "**/.*",
      "node_modules",
      "bower_components",
      "test",
      "tests"
    ],
    "dependencies": {
      "bootstrap": "^3.3.7",
      "moment": "^2.15.2",
      "vue": "^2.0.5",
      "vuex": "^2.0.0"
    }
  }

Lockfile: 
  No lockfile

Trace: 
  Error: connect ETIMEDOUT 104.16.62.173:443
      at Object.exports._errnoException (util.js:890:11)
      at exports._exceptionWithHostPort (util.js:913:20)
      at TCPConnectWrap.afterConnect [as oncomplete] (net.js:1061:14)
